<?xml version="1.0" encoding="UTF-8"?>
<!-- Generated by org.testng.reporters.JUnitReportReporter -->
<testsuite hostname="MSI" failures="0" tests="1" name="Kite_Test.TestKtestTest" time="0.012" errors="0" timestamp="2021-08-03T21:58:25 IST" skipped="0">
  <testcase classname="Kite_Test.TestKtestTest" name="helloTest" time="0.012"/>
  <system-out>
    <![CDATA[login]]>
  </system-out>
</testsuite> <!-- Kite_Test.TestKtestTest -->
