<?xml version="1.0" encoding="UTF-8"?>
<!-- Generated by org.testng.reporters.JUnitReportReporter -->
<testsuite hostname="MSI" failures="0" tests="1" name="Kite_Test.TestKtest" time="0.008" errors="0" timestamp="2021-08-03T22:01:41 IST" skipped="0">
  <testcase classname="Kite_Test.TestKtest" name="hello" time="0.008"/>
  <system-out>
    <![CDATA[Respected  sir,/n    Please check above attached report..]]>
  </system-out>
</testsuite> <!-- Kite_Test.TestKtest -->
